[2024-10-08 16:55:14,359: INFO: server: Started server process [24396]]
[2024-10-08 16:55:14,359: INFO: on: Waiting for application startup.]
[2024-10-08 16:55:14,359: INFO: on: Application startup complete.]
[2024-10-08 16:55:14,359: INFO: server: Uvicorn running on http://0.0.0.0:8080 (Press CTRL+C to quit)]
[2024-10-08 17:04:34,815: INFO: common: yaml file: config\config.yaml loaded successfully]
[2024-10-08 17:04:34,815: INFO: common: yaml file: params.yaml loaded successfully]
[2024-10-08 17:04:34,820: INFO: common: created directory at: artifacts]
[2024-10-08 17:04:34,821: INFO: common: created directory at: artifacts/data_ingestion]
[2024-10-08 17:04:42,476: INFO: 1434958058: artifacts/data_ingestion/data.zip download! with following info: 
Connection: close
Content-Length: 7903594
Cache-Control: max-age=300
Content-Security-Policy: default-src 'none'; style-src 'unsafe-inline'; sandbox
Content-Type: application/zip
ETag: "dbc016a060da18070593b83afff580c9b300f0b6ea4147a7988433e04df246ca"
Strict-Transport-Security: max-age=31536000
X-Content-Type-Options: nosniff
X-Frame-Options: deny
X-XSS-Protection: 1; mode=block
X-GitHub-Request-Id: 2A3E:12E1C9:1EA332:25D055:670518D0
Accept-Ranges: bytes
Date: Tue, 08 Oct 2024 11:34:41 GMT
Via: 1.1 varnish
X-Served-By: cache-maa10232-MAA
X-Cache: MISS
X-Cache-Hits: 0
X-Timer: S1728387281.613413,VS0,VE657
Vary: Authorization,Accept-Encoding,Origin
Access-Control-Allow-Origin: *
Cross-Origin-Resource-Policy: cross-origin
X-Fastly-Request-ID: 60baf8231fa02365f34c3d8059be6143886383b1
Expires: Tue, 08 Oct 2024 11:39:41 GMT
Source-Age: 0

]
[2024-10-08 17:14:34,563: INFO: server: Shutting down]
[2024-10-08 17:14:34,689: INFO: on: Waiting for application shutdown.]
[2024-10-08 17:14:34,705: INFO: on: Application shutdown complete.]
[2024-10-08 17:14:34,705: INFO: server: Finished server process [24396]]
[2024-10-08 17:14:54,867: INFO: common: yaml file: config\config.yaml loaded successfully]
[2024-10-08 17:14:54,868: INFO: common: yaml file: params.yaml loaded successfully]
[2024-10-08 17:14:54,869: INFO: common: created directory at: artifacts]
[2024-10-08 17:16:27,670: INFO: common: yaml file: config\config.yaml loaded successfully]
[2024-10-08 17:16:27,678: INFO: common: yaml file: params.yaml loaded successfully]
[2024-10-08 17:16:27,679: INFO: common: created directory at: artifacts]
[2024-10-08 17:16:27,681: INFO: common: created directory at: artifacts/data_ingestion]
[2024-10-08 17:16:30,443: INFO: 1434958058: artifacts/data_ingestion/data.zip download! with following info: 
Connection: close
Content-Length: 7903594
Cache-Control: max-age=300
Content-Security-Policy: default-src 'none'; style-src 'unsafe-inline'; sandbox
Content-Type: application/zip
ETag: "dbc016a060da18070593b83afff580c9b300f0b6ea4147a7988433e04df246ca"
Strict-Transport-Security: max-age=31536000
X-Content-Type-Options: nosniff
X-Frame-Options: deny
X-XSS-Protection: 1; mode=block
X-GitHub-Request-Id: 2A3E:12E1C9:1EA332:25D055:670518D0
Accept-Ranges: bytes
Date: Tue, 08 Oct 2024 11:46:29 GMT
Via: 1.1 varnish
X-Served-By: cache-maa10225-MAA
X-Cache: HIT
X-Cache-Hits: 0
X-Timer: S1728387989.229005,VS0,VE258
Vary: Authorization,Accept-Encoding,Origin
Access-Control-Allow-Origin: *
Cross-Origin-Resource-Policy: cross-origin
X-Fastly-Request-ID: 0445955a22a03aa38d87c75e29720f4115ace5a8
Expires: Tue, 08 Oct 2024 11:51:29 GMT
Source-Age: 0

]
[2024-10-08 17:18:42,491: INFO: common: yaml file: config\config.yaml loaded successfully]
[2024-10-08 17:18:42,494: INFO: common: yaml file: params.yaml loaded successfully]
[2024-10-08 17:18:42,495: INFO: common: created directory at: artifacts]
[2024-10-08 17:20:59,349: INFO: common: yaml file: config\config.yaml loaded successfully]
[2024-10-08 17:20:59,349: INFO: common: yaml file: params.yaml loaded successfully]
[2024-10-08 17:20:59,355: INFO: common: created directory at: artifacts]
[2024-10-08 17:20:59,357: INFO: common: created directory at: artifacts/data_validation]
[2024-10-08 17:23:43,810: INFO: config: PyTorch version 2.4.1 available.]
[2024-10-08 17:23:44,232: INFO: common: yaml file: config\config.yaml loaded successfully]
[2024-10-08 17:23:44,232: INFO: common: yaml file: params.yaml loaded successfully]
[2024-10-08 17:23:44,232: INFO: common: created directory at: artifacts]
[2024-10-08 17:23:44,239: INFO: common: created directory at: artifacts/data_transformation]
[2024-10-08 17:24:39,855: INFO: config: PyTorch version 2.4.1 available.]
[2024-10-08 17:24:40,266: INFO: common: yaml file: config\config.yaml loaded successfully]
[2024-10-08 17:24:40,266: INFO: common: yaml file: params.yaml loaded successfully]
[2024-10-08 17:24:40,266: INFO: common: created directory at: artifacts]
[2024-10-08 17:26:47,641: INFO: config: PyTorch version 2.4.1 available.]
[2024-10-08 17:26:48,067: INFO: common: yaml file: config\config.yaml loaded successfully]
[2024-10-08 17:26:48,067: INFO: common: yaml file: params.yaml loaded successfully]
[2024-10-08 17:26:48,067: INFO: common: created directory at: artifacts]
[2024-10-08 17:26:48,073: INFO: common: created directory at: artifacts/model_trainer]
[2024-10-08 17:33:46,178: INFO: config: PyTorch version 2.4.1 available.]
[2024-10-08 17:33:46,529: INFO: common: yaml file: config\config.yaml loaded successfully]
[2024-10-08 17:33:46,532: INFO: common: yaml file: params.yaml loaded successfully]
[2024-10-08 17:33:46,533: INFO: common: created directory at: artifacts]
[2024-10-08 17:33:46,534: INFO: common: created directory at: artifacts/model_trainer]
[2024-10-08 17:36:51,758: INFO: config: PyTorch version 2.4.1 available.]
[2024-10-08 17:36:52,106: INFO: common: yaml file: config\config.yaml loaded successfully]
[2024-10-08 17:36:52,106: INFO: common: yaml file: params.yaml loaded successfully]
[2024-10-08 17:36:52,106: INFO: common: created directory at: artifacts]
[2024-10-08 17:36:52,106: INFO: common: created directory at: artifacts/model_trainer]
[2024-10-08 18:06:35,092: INFO: config: PyTorch version 2.4.1 available.]
[2024-10-08 18:06:35,536: INFO: common: yaml file: config\config.yaml loaded successfully]
[2024-10-08 18:06:35,539: INFO: common: yaml file: params.yaml loaded successfully]
[2024-10-08 18:06:35,541: INFO: common: created directory at: artifacts]
[2024-10-08 18:06:35,542: INFO: common: created directory at: artifacts/model_trainer]
[2024-10-08 18:11:20,566: INFO: config: PyTorch version 2.4.1 available.]
[2024-10-08 18:13:00,650: INFO: config: PyTorch version 2.4.1 available.]
[2024-10-08 18:14:53,387: INFO: common: yaml file: config\config.yaml loaded successfully]
[2024-10-08 18:14:53,391: INFO: common: yaml file: params.yaml loaded successfully]
[2024-10-08 18:14:53,392: INFO: common: created directory at: artifacts]
[2024-10-08 18:14:53,394: INFO: common: created directory at: artifacts/model_evaluation]
[2024-10-08 18:18:50,413: INFO: config: PyTorch version 2.4.1 available.]
[2024-10-08 18:18:51,822: INFO: common: yaml file: config\config.yaml loaded successfully]
[2024-10-08 18:18:51,822: INFO: common: yaml file: params.yaml loaded successfully]
[2024-10-08 18:18:51,829: INFO: common: created directory at: artifacts]
[2024-10-08 18:18:51,831: INFO: common: created directory at: artifacts/model_evaluation]
[2024-10-08 18:19:59,813: INFO: common: yaml file: config\config.yaml loaded successfully]
[2024-10-08 18:19:59,821: INFO: common: yaml file: params.yaml loaded successfully]
[2024-10-08 18:19:59,825: INFO: common: created directory at: artifacts]
[2024-10-08 18:19:59,826: INFO: common: created directory at: artifacts/model_evaluation]
[2024-10-08 18:22:26,792: INFO: config: PyTorch version 2.4.1 available.]
[2024-10-08 18:22:27,084: INFO: common: yaml file: config\config.yaml loaded successfully]
[2024-10-08 18:22:27,084: INFO: common: yaml file: params.yaml loaded successfully]
[2024-10-08 18:22:27,084: INFO: common: created directory at: artifacts]
[2024-10-08 18:22:27,084: INFO: common: created directory at: artifacts/model_trainer]
